<?xml version="1.0" encoding="UTF-8"?>
<testsuite xmlns:xsi="http://www.w3.org/2001/XMLSchema-instance" xsi:noNamespaceSchemaLocation="https://maven.apache.org/surefire/maven-surefire-plugin/xsd/surefire-test-report.xsd" version="3.0.2" name="TestSuite" time="4.032" tests="2" errors="0" skipped="0" failures="2">
  <properties>
[...]
</properties>
  <testcase name="runScenario[&quot;User searches for the channel which is valid and invalid channel names&quot;, &quot;Search for a channel&quot;](2)" classname="runner.TestRunner" time="2.207">
    <failure message="Could not start a new session. Response code 500. Message: An unknown server-side error occurred while processing the command. Original error: The application at &apos;C:\Users\mktem\eclipse-workspace\Team3_AppiumArchitects/apps/Android.Mobile.skytube.oss_55.apk&apos; does not exist or is not accessible &#10;Host info: host: &apos;DIVYAPC&apos;, ip: &apos;10.0.0.14&apos;&#10;Build info: version: &apos;4.32.0&apos;, revision: &apos;d17c8aa950&apos;&#10;System info: os.name: &apos;Windows 11&apos;, os.arch: &apos;amd64&apos;, os.version: &apos;10.0&apos;, java.version: &apos;21.0.5&apos;&#10;Driver info: io.appium.java_client.android.AndroidDriver&#10;Command: [null, newSession {capabilities=[Capabilities {appium:app: C:\Users\mktem\eclipse-work..., appium:automationName: UiAutomator2, appium:deviceName: emulator-5554, platformName: ANDROID}]}]&#10;Capabilities {appium:app: C:\Users\mktem\eclipse-work..., appium:automationName: UiAutomator2, appium:deviceName: emulator-5554, platformName: ANDROID}" type="org.openqa.selenium.SessionNotCreatedException"><![CDATA[org.openqa.selenium.SessionNotCreatedException: 
Could not start a new session. Response code 500. Message: An unknown server-side error occurred while processing the command. Original error: The application at 'C:\Users\mktem\eclipse-workspace\Team3_AppiumArchitects/apps/Android.Mobile.skytube.oss_55.apk' does not exist or is not accessible 
Host info: host: 'DIVYAPC', ip: '10.0.0.14'
Build info: version: '4.32.0', revision: 'd17c8aa950'
System info: os.name: 'Windows 11', os.arch: 'amd64', os.version: '10.0', java.version: '21.0.5'
Driver info: io.appium.java_client.android.AndroidDriver
Command: [null, newSession {capabilities=[Capabilities {appium:app: C:\Users\mktem\eclipse-work..., appium:automationName: UiAutomator2, appium:deviceName: emulator-5554, platformName: ANDROID}]}]
Capabilities {appium:app: C:\Users\mktem\eclipse-work..., appium:automationName: UiAutomator2, appium:deviceName: emulator-5554, platformName: ANDROID}
	at org.openqa.selenium.remote.ProtocolHandshake.createSession(ProtocolHandshake.java:114)
	at org.openqa.selenium.remote.ProtocolHandshake.createSession(ProtocolHandshake.java:75)
	at org.openqa.selenium.remote.ProtocolHandshake.createSession(ProtocolHandshake.java:61)
	at io.appium.java_client.remote.AppiumCommandExecutor.createSession(AppiumCommandExecutor.java:178)
	at io.appium.java_client.remote.AppiumCommandExecutor.execute(AppiumCommandExecutor.java:243)
	at org.openqa.selenium.remote.RemoteWebDriver.execute(RemoteWebDriver.java:545)
	at io.appium.java_client.AppiumDriver.startSession(AppiumDriver.java:313)
	at org.openqa.selenium.remote.RemoteWebDriver.<init>(RemoteWebDriver.java:174)
	at io.appium.java_client.AppiumDriver.<init>(AppiumDriver.java:101)
	at io.appium.java_client.AppiumDriver.<init>(AppiumDriver.java:113)
	at io.appium.java_client.android.AndroidDriver.<init>(AndroidDriver.java:109)
	at hooks.Hooks.setUp(Hooks.java:30)
]]></failure>
    <system-out><![CDATA[
@searchChannel
Scenario Outline: User searches for the channel which is valid and invalid channel names # src/test/resources/features/SearchChannel.feature:14

@searchChannel
Scenario Outline: User searches for the channel which is valid and invalid channel names # src/test/resources/features/SearchChannel.feature:15
      org.openqa.selenium.SessionNotCreatedException: Could not start a new session. Response code 500. Message: An unknown server-side error occurred while processing the command. Original error: The application at 'C:\Users\mktem\eclipse-workspace\Team3_AppiumArchitects/apps/Android.Mobile.skytube.oss_55.apk' does not exist or is not accessible 
      Host info: host: 'DIVYAPC', ip: '10.0.0.14'
      Build info: version: '4.32.0', revision: 'd17c8aa950'
      System info: os.name: 'Windows 11', os.arch: 'amd64', os.version: '10.0', java.version: '21.0.5'
      Driver info: io.appium.java_client.android.AndroidDriver
      Command: [null, newSession {capabilities=[Capabilities {appium:app: C:\Users\mktem\eclipse-work..., appium:automationName: UIAutomator2, platformName: ANDROID}]}]
      Capabilities {appium:app: C:\Users\mktem\eclipse-work..., appium:automationName: UIAutomator2, platformName: ANDROID}
      	at org.openqa.selenium.remote.ProtocolHandshake.createSession(ProtocolHandshake.java:114)
      	at org.openqa.selenium.remote.ProtocolHandshake.createSession(ProtocolHandshake.java:75)
      	at org.openqa.selenium.remote.ProtocolHandshake.createSession(ProtocolHandshake.java:61)
      	at io.appium.java_client.remote.AppiumCommandExecutor.createSession(AppiumCommandExecutor.java:178)
      	at io.appium.java_client.remote.AppiumCommandExecutor.execute(AppiumCommandExecutor.java:243)
      	at org.openqa.selenium.remote.RemoteWebDriver.execute(RemoteWebDriver.java:545)
      	at io.appium.java_client.AppiumDriver.startSession(AppiumDriver.java:313)
      	at org.openqa.selenium.remote.RemoteWebDriver.<init>(RemoteWebDriver.java:174)
      	at io.appium.java_client.AppiumDriver.<init>(AppiumDriver.java:101)
      	at io.appium.java_client.AppiumDriver.<init>(AppiumDriver.java:113)
      	at io.appium.java_client.android.AndroidDriver.<init>(AndroidDriver.java:109)
      	at hooks.Hooks.setUp(Hooks.java:30)
      org.openqa.selenium.SessionNotCreatedException: Could not start a new session. Response code 500. Message: An unknown server-side error occurred while processing the command. Original error: The application at 'C:\Users\mktem\eclipse-workspace\Team3_AppiumArchitects/apps/Android.Mobile.skytube.oss_55.apk' does not exist or is not accessible 
      Host info: host: 'DIVYAPC', ip: '10.0.0.14'
      Build info: version: '4.32.0', revision: 'd17c8aa950'
      System info: os.name: 'Windows 11', os.arch: 'amd64', os.version: '10.0', java.version: '21.0.5'
      Driver info: io.appium.java_client.android.AndroidDriver
      Command: [null, newSession {capabilities=[Capabilities {appium:app: C:\Users\mktem\eclipse-work..., appium:automationName: UiAutomator2, appium:deviceName: emulator-5554, platformName: ANDROID}]}]
      Capabilities {appium:app: C:\Users\mktem\eclipse-work..., appium:automationName: UiAutomator2, appium:deviceName: emulator-5554, platformName: ANDROID}
      	at org.openqa.selenium.remote.ProtocolHandshake.createSession(ProtocolHandshake.java:114)
      	at org.openqa.selenium.remote.ProtocolHandshake.createSession(ProtocolHandshake.java:75)
      	at org.openqa.selenium.remote.ProtocolHandshake.createSession(ProtocolHandshake.java:61)
      	at io.appium.java_client.remote.AppiumCommandExecutor.createSession(AppiumCommandExecutor.java:178)
      	at io.appium.java_client.remote.AppiumCommandExecutor.execute(AppiumCommandExecutor.java:243)
      	at org.openqa.selenium.remote.RemoteWebDriver.execute(RemoteWebDriver.java:545)
      	at io.appium.java_client.AppiumDriver.startSession(AppiumDriver.java:313)
      	at org.openqa.selenium.remote.RemoteWebDriver.<init>(RemoteWebDriver.java:174)
      	at io.appium.java_client.AppiumDriver.<init>(AppiumDriver.java:101)
      	at io.appium.java_client.AppiumDriver.<init>(AppiumDriver.java:113)
      	at io.appium.java_client.android.AndroidDriver.<init>(AndroidDriver.java:109)
      	at hooks.Hooks.setUp(Hooks.java:30)
  Given User launches the emulator and SkyTube app
  Given User launches the emulator and SkyTube app
  When User enter a "chuchu tv" to search in search field
  When User enter a "chuchu" to search in search field
  Then User sees the searched channel
  Then User sees the searched channel
14:56:44.021 [TestNG-PoolService-1] ERROR utilities.LogUtil - Test failed: User searches for the channel which is valid and invalid channel names
14:56:44.021 [TestNG-PoolService-2] ERROR utilities.LogUtil - Test failed: User searches for the channel which is valid and invalid channel names
      java.lang.NullPointerException: Cannot invoke "io.appium.java_client.android.AndroidDriver.quit()" because "this.driver" is null
      	at hooks.Hooks.tearDown(Hooks.java:43)
      java.lang.NullPointerException: Cannot invoke "io.appium.java_client.android.AndroidDriver.quit()" because "this.driver" is null
      	at hooks.Hooks.tearDown(Hooks.java:43)
]]></system-out>
    <system-err><![CDATA[SLF4J(W): No SLF4J providers were found.
SLF4J(W): Defaulting to no-operation (NOP) logger implementation
SLF4J(W): See https://www.slf4j.org/codes.html#noProviders for further details.
]]></system-err>
  </testcase>
  <testcase name="runScenario[&quot;User searches for the channel which is valid and invalid channel names&quot;, &quot;Search for a channel&quot;](2)" classname="runner.TestRunner" time="2.21">
    <failure message="Could not start a new session. Response code 500. Message: An unknown server-side error occurred while processing the command. Original error: The application at &apos;C:\Users\mktem\eclipse-workspace\Team3_AppiumArchitects/apps/Android.Mobile.skytube.oss_55.apk&apos; does not exist or is not accessible &#10;Host info: host: &apos;DIVYAPC&apos;, ip: &apos;10.0.0.14&apos;&#10;Build info: version: &apos;4.32.0&apos;, revision: &apos;d17c8aa950&apos;&#10;System info: os.name: &apos;Windows 11&apos;, os.arch: &apos;amd64&apos;, os.version: &apos;10.0&apos;, java.version: &apos;21.0.5&apos;&#10;Driver info: io.appium.java_client.android.AndroidDriver&#10;Command: [null, newSession {capabilities=[Capabilities {appium:app: C:\Users\mktem\eclipse-work..., appium:automationName: UIAutomator2, platformName: ANDROID}]}]&#10;Capabilities {appium:app: C:\Users\mktem\eclipse-work..., appium:automationName: UIAutomator2, platformName: ANDROID}" type="org.openqa.selenium.SessionNotCreatedException"><![CDATA[org.openqa.selenium.SessionNotCreatedException: 
Could not start a new session. Response code 500. Message: An unknown server-side error occurred while processing the command. Original error: The application at 'C:\Users\mktem\eclipse-workspace\Team3_AppiumArchitects/apps/Android.Mobile.skytube.oss_55.apk' does not exist or is not accessible 
Host info: host: 'DIVYAPC', ip: '10.0.0.14'
Build info: version: '4.32.0', revision: 'd17c8aa950'
System info: os.name: 'Windows 11', os.arch: 'amd64', os.version: '10.0', java.version: '21.0.5'
Driver info: io.appium.java_client.android.AndroidDriver
Command: [null, newSession {capabilities=[Capabilities {appium:app: C:\Users\mktem\eclipse-work..., appium:automationName: UIAutomator2, platformName: ANDROID}]}]
Capabilities {appium:app: C:\Users\mktem\eclipse-work..., appium:automationName: UIAutomator2, platformName: ANDROID}
	at org.openqa.selenium.remote.ProtocolHandshake.createSession(ProtocolHandshake.java:114)
	at org.openqa.selenium.remote.ProtocolHandshake.createSession(ProtocolHandshake.java:75)
	at org.openqa.selenium.remote.ProtocolHandshake.createSession(ProtocolHandshake.java:61)
	at io.appium.java_client.remote.AppiumCommandExecutor.createSession(AppiumCommandExecutor.java:178)
	at io.appium.java_client.remote.AppiumCommandExecutor.execute(AppiumCommandExecutor.java:243)
	at org.openqa.selenium.remote.RemoteWebDriver.execute(RemoteWebDriver.java:545)
	at io.appium.java_client.AppiumDriver.startSession(AppiumDriver.java:313)
	at org.openqa.selenium.remote.RemoteWebDriver.<init>(RemoteWebDriver.java:174)
	at io.appium.java_client.AppiumDriver.<init>(AppiumDriver.java:101)
	at io.appium.java_client.AppiumDriver.<init>(AppiumDriver.java:113)
	at io.appium.java_client.android.AndroidDriver.<init>(AndroidDriver.java:109)
	at hooks.Hooks.setUp(Hooks.java:30)
]]></failure>
  </testcase>
</testsuite>